{"timestamp": "2025-07-23 14:14:34,666", "level": "INFO", "message": "Received gRPC request to generate logs..."}
{"timestamp": "2025-07-23 14:14:34,667", "level": "INFO", "message": "Generating logs..."}
{"timestamp": "2025-07-23 14:14:34,667", "level": "ERROR", "message": "Random error occurred"}
{"timestamp": "2025-07-23 14:17:17,654", "level": "INFO", "message": "Received gRPC request to generate logs..."}
{"timestamp": "2025-07-23 14:17:17,655", "level": "INFO", "message": "Generating logs..."}
{"timestamp": "2025-07-23 17:41:09,234", "level": "INFO", "message": "Received gRPC request to generate logs..."}
{"timestamp": "2025-07-23 17:41:09,235", "level": "INFO", "message": "Generating logs..."}
{"timestamp": "2025-07-23 17:42:41,499", "level": "INFO", "message": "Received gRPC request to generate logs..."}
{"timestamp": "2025-07-23 17:42:41,499", "level": "INFO", "message": "Generating logs..."}
{"timestamp": "2025-07-23 17:48:35,365", "level": "INFO", "message": "Received gRPC request to generate logs..."}
{"timestamp": "2025-07-23 17:48:35,366", "level": "INFO", "message": "Generating logs..."}
{"timestamp": "2025-07-23 17:48:35,366", "level": "ERROR", "message": "Random error occurred"}
{"timestamp": "2025-07-23 17:48:35,367", "level": "ERROR", "message": "An error occurred: 'NoneType' object is not callable"}
{"timestamp": "2025-07-23 17:48:35,367", "level": "ERROR", "message": "An error occurred: 'ZeroDivisionError' object is not callable"}
{"timestamp": "2025-07-23 17:48:35,367", "level": "ERROR", "message": "An error occurred: 'NoneType' object is not callable"}
{"timestamp": "2025-07-23 17:48:35,367", "level": "ERROR", "message": "An error occurred: 'SyntaxError' object is not callable"}
{"timestamp": "2025-07-23 17:48:35,367", "level": "ERROR", "message": "An error occurred: 'SyntaxError' object is not callable"}
{"timestamp": "2025-07-23 17:48:35,367", "level": "ERROR", "message": "An error occurred: 'ZeroDivisionError' object is not callable"}
{"timestamp": "2025-07-23 17:48:35,368", "level": "ERROR", "message": "An error occurred: 'SyntaxError' object is not callable"}
{"timestamp": "2025-07-23 17:48:35,368", "level": "ERROR", "message": "An error occurred: 'SyntaxError' object is not callable"}
{"timestamp": "2025-07-23 17:48:35,368", "level": "ERROR", "message": "An error occurred: 'ZeroDivisionError' object is not callable"}
{"timestamp": "2025-07-23 17:48:35,368", "level": "ERROR", "message": "An error occurred: 'NoneType' object is not callable"}
{"timestamp": "2025-07-23 17:51:44,262", "level": "INFO", "message": "Received gRPC request to generate logs..."}
{"timestamp": "2025-07-23 17:51:44,263", "level": "INFO", "message": "Generating logs..."}
{"timestamp": "2025-07-23 17:51:44,263", "level": "ERROR", "message": "Random error occurred"}
{"timestamp": "2025-07-24 18:34:54,251", "level": "INFO", "message": "Received gRPC request to generate logs..."}
{"timestamp": "2025-07-24 18:34:54,251", "level": "INFO", "message": "Generating logs..."}
{"timestamp": "2025-07-24 18:34:54,252", "level": "ERROR", "message": "An error occurred: invalid syntax (<string>, line 1)"}
{"timestamp": "2025-07-24 18:34:54,252", "level": "INFO", "message": "Generated random number: 3, result: 3.3333333333333335"}
{"timestamp": "2025-07-24 18:34:54,252", "level": "ERROR", "message": "An error occurred: invalid syntax (<string>, line 1)"}
{"timestamp": "2025-07-24 18:34:54,252", "level": "ERROR", "message": "Random error occurred"}
{"timestamp": "2025-07-24 18:34:54,252", "level": "INFO", "message": "Generated random number: 5, result: 2.0"}
{"timestamp": "2025-07-24 18:34:54,252", "level": "ERROR", "message": "An error occurred: invalid syntax (<string>, line 1)"}
{"timestamp": "2025-07-24 18:34:54,252", "level": "ERROR", "message": "An error occurred: invalid syntax (<string>, line 1)"}
{"timestamp": "2025-07-24 18:34:54,252", "level": "ERROR", "message": "An error occurred: invalid syntax (<string>, line 1)"}
{"timestamp": "2025-07-24 18:34:54,253", "level": "ERROR", "message": "ZeroDivisionError raised: division by zero"}
{"timestamp": "2025-07-24 18:35:32,661", "level": "INFO", "message": "Received gRPC request to generate logs..."}
{"timestamp": "2025-07-24 18:35:32,662", "level": "INFO", "message": "Generating logs..."}
{"timestamp": "2025-07-24 18:35:32,662", "level": "ERROR", "message": "An error occurred: invalid syntax (<string>, line 1)"}
{"timestamp": "2025-07-24 18:35:32,662", "level": "ERROR", "message": "An error occurred: invalid syntax (<string>, line 1)"}
{"timestamp": "2025-07-24 18:35:32,662", "level": "ERROR", "message": "An error occurred: invalid syntax (<string>, line 1)"}
{"timestamp": "2025-07-24 18:35:32,662", "level": "ERROR", "message": "Random error occurred"}
{"timestamp": "2025-07-24 18:35:32,662", "level": "ERROR", "message": "ZeroDivisionError raised: division by zero"}
{"timestamp": "2025-07-24 18:35:32,663", "level": "ERROR", "message": "An error occurred: invalid syntax (<string>, line 1)"}
{"timestamp": "2025-07-24 18:35:32,663", "level": "ERROR", "message": "Random error occurred"}
{"timestamp": "2025-07-24 18:35:43,188", "level": "INFO", "message": "Received gRPC request to generate logs..."}
{"timestamp": "2025-07-24 18:35:43,188", "level": "INFO", "message": "Generating logs..."}
{"timestamp": "2025-07-24 18:35:43,188", "level": "ERROR", "message": "Random error occurred"}
{"timestamp": "2025-07-24 18:35:43,188", "level": "ERROR", "message": "An error occurred: invalid syntax (<string>, line 1)"}
{"timestamp": "2025-07-24 18:35:43,188", "level": "ERROR", "message": "An error occurred: invalid syntax (<string>, line 1)"}
{"timestamp": "2025-07-24 18:35:43,188", "level": "ERROR", "message": "An error occurred: invalid syntax (<string>, line 1)"}
{"timestamp": "2025-07-24 18:35:43,188", "level": "ERROR", "message": "An error occurred: invalid syntax (<string>, line 1)"}
{"timestamp": "2025-07-24 18:35:43,189", "level": "ERROR", "message": "ZeroDivisionError raised: division by zero"}
{"timestamp": "2025-08-02 18:39:47,205", "level": "INFO", "message": "Received gRPC request to generate logs..."}
{"timestamp": "2025-08-02 18:39:47,206", "level": "INFO", "message": "Generating logs..."}
{"timestamp": "2025-08-02 18:39:47,206", "level": "INFO", "message": "Generated random number: 2, result: 5.0"}
{"timestamp": "2025-08-02 18:39:47,206", "level": "ERROR", "message": "An error occurred: invalid syntax (<string>, line 1)"}
{"timestamp": "2025-08-02 18:39:47,206", "level": "ERROR", "message": "ZeroDivisionError raised: division by zero"}
{"timestamp": "2025-08-02 18:39:47,206", "level": "ERROR", "message": "An error occurred: invalid syntax (<string>, line 1)"}
{"timestamp": "2025-08-02 18:39:47,206", "level": "ERROR", "message": "An error occurred: invalid syntax (<string>, line 1)"}
{"timestamp": "2025-08-02 18:39:47,206", "level": "ERROR", "message": "An error occurred: invalid syntax (<string>, line 1)"}
{"timestamp": "2025-08-02 18:39:47,207", "level": "INFO", "message": "Generated random number: 1, result: 10.0"}
{"timestamp": "2025-08-02 18:40:47,536", "level": "INFO", "message": "Received gRPC request to generate logs..."}
{"timestamp": "2025-08-02 18:40:47,536", "level": "INFO", "message": "Generating logs..."}
{"timestamp": "2025-08-02 18:40:47,536", "level": "INFO", "message": "Generated random number: 4, result: 2.5"}
{"timestamp": "2025-08-02 18:40:47,536", "level": "ERROR", "message": "ZeroDivisionError raised: division by zero"}
{"timestamp": "2025-08-02 18:40:47,536", "level": "ERROR", "message": "ZeroDivisionError raised: division by zero"}
{"timestamp": "2025-08-02 18:40:47,536", "level": "ERROR", "message": "An error occurred: invalid syntax (<string>, line 1)"}
{"timestamp": "2025-08-02 18:40:47,537", "level": "INFO", "message": "Generated random number: 5, result: 2.0"}
{"timestamp": "2025-08-02 18:40:47,537", "level": "INFO", "message": "Generated random number: 4, result: 2.5"}
{"timestamp": "2025-08-02 18:40:47,537", "level": "INFO", "message": "Generated random number: 3, result: 3.3333333333333335"}
{"timestamp": "2025-08-02 18:40:47,537", "level": "ERROR", "message": "Random error occurred"}
{"timestamp": "2025-08-02 18:40:47,537", "level": "INFO", "message": "Generated random number: 3, result: 3.3333333333333335"}
{"timestamp": "2025-08-02 18:41:24,399", "level": "INFO", "message": "Received gRPC request to generate logs..."}
{"timestamp": "2025-08-02 18:41:24,399", "level": "INFO", "message": "Generating logs..."}
{"timestamp": "2025-08-02 18:41:24,399", "level": "INFO", "message": "Generated random number: 5, result: 2.0"}
{"timestamp": "2025-08-02 18:41:24,400", "level": "ERROR", "message": "Random error occurred"}
{"timestamp": "2025-08-02 18:41:24,400", "level": "ERROR", "message": "An error occurred: invalid syntax (<string>, line 1)"}
{"timestamp": "2025-08-02 18:41:24,400", "level": "ERROR", "message": "An error occurred: invalid syntax (<string>, line 1)"}
{"timestamp": "2025-08-02 18:41:24,400", "level": "INFO", "message": "Generated random number: 3, result: 3.3333333333333335"}
{"timestamp": "2025-08-02 18:41:24,400", "level": "INFO", "message": "Generated random number: 3, result: 3.3333333333333335"}
{"timestamp": "2025-08-02 18:41:24,400", "level": "INFO", "message": "Generated random number: 3, result: 3.3333333333333335"}
{"timestamp": "2025-08-02 18:41:24,400", "level": "ERROR", "message": "An error occurred: invalid syntax (<string>, line 1)"}
{"timestamp": "2025-08-02 18:42:08,987", "level": "INFO", "message": "Received gRPC request to generate logs..."}
{"timestamp": "2025-08-02 18:42:08,987", "level": "INFO", "message": "Generating logs..."}
{"timestamp": "2025-08-02 18:42:08,987", "level": "ERROR", "message": "ZeroDivisionError raised: division by zero"}
{"timestamp": "2025-08-02 18:42:08,987", "level": "ERROR", "message": "An error occurred: invalid syntax (<string>, line 1)"}
{"timestamp": "2025-08-02 18:42:08,987", "level": "INFO", "message": "Generated random number: 4, result: 2.5"}
{"timestamp": "2025-08-02 18:42:08,987", "level": "ERROR", "message": "An error occurred: invalid syntax (<string>, line 1)"}
{"timestamp": "2025-08-02 18:42:08,988", "level": "INFO", "message": "Generated random number: 5, result: 2.0"}
{"timestamp": "2025-08-02 18:43:05,436", "level": "INFO", "message": "Received gRPC request to generate logs..."}
{"timestamp": "2025-08-02 18:43:05,437", "level": "INFO", "message": "Generating logs..."}
{"timestamp": "2025-08-02 18:43:05,437", "level": "INFO", "message": "Generated random number: 3, result: 3.3333333333333335"}
{"timestamp": "2025-08-02 18:43:05,437", "level": "INFO", "message": "Generated random number: 1, result: 10.0"}
{"timestamp": "2025-08-02 18:43:05,437", "level": "INFO", "message": "Generated random number: 4, result: 2.5"}
{"timestamp": "2025-08-02 18:43:05,437", "level": "ERROR", "message": "An error occurred: invalid syntax (<string>, line 1)"}
{"timestamp": "2025-08-02 18:43:05,437", "level": "ERROR", "message": "An error occurred: invalid syntax (<string>, line 1)"}
{"timestamp": "2025-08-02 18:43:05,437", "level": "ERROR", "message": "ZeroDivisionError raised: division by zero"}
{"timestamp": "2025-08-02 18:43:05,437", "level": "ERROR", "message": "ZeroDivisionError raised: division by zero"}
{"timestamp": "2025-08-04 17:47:23,974", "level": "INFO", "message": "Received gRPC request to generate logs..."}
{"timestamp": "2025-08-04 17:47:23,976", "level": "INFO", "message": "Generating logs..."}
{"timestamp": "2025-08-04 17:47:23,976", "level": "ERROR", "message": "An error occurred: invalid syntax (<string>, line 1)"}
{"timestamp": "2025-08-04 17:47:23,976", "level": "ERROR", "message": "Random error occurred"}
{"timestamp": "2025-08-04 17:47:23,976", "level": "ERROR", "message": "Random error occurred"}
{"timestamp": "2025-08-04 17:47:23,976", "level": "INFO", "message": "Generated random number: 4, result: 2.5"}
{"timestamp": "2025-08-04 17:47:23,976", "level": "ERROR", "message": "An error occurred: invalid syntax (<string>, line 1)"}
{"timestamp": "2025-08-04 17:47:23,976", "level": "ERROR", "message": "An error occurred: invalid syntax (<string>, line 1)"}
{"timestamp": "2025-08-04 17:47:23,977", "level": "ERROR", "message": "ZeroDivisionError raised: division by zero"}
{"timestamp": "2025-08-04 17:58:18,584", "level": "INFO", "message": "Received gRPC request to generate logs..."}
{"timestamp": "2025-08-04 17:58:18,585", "level": "INFO", "message": "Generating logs..."}
{"timestamp": "2025-08-04 17:58:18,585", "level": "ERROR", "message": "ZeroDivisionError raised: division by zero"}
{"timestamp": "2025-08-04 17:58:18,585", "level": "ERROR", "message": "An error occurred: invalid syntax (<string>, line 1)"}
{"timestamp": "2025-08-04 17:58:18,585", "level": "ERROR", "message": "An error occurred: invalid syntax (<string>, line 1)"}
{"timestamp": "2025-08-04 17:58:18,585", "level": "ERROR", "message": "An error occurred: invalid syntax (<string>, line 1)"}
{"timestamp": "2025-08-04 17:58:18,585", "level": "INFO", "message": "Generated random number: 5, result: 2.0"}
{"timestamp": "2025-08-04 17:58:18,586", "level": "ERROR", "message": "An error occurred: invalid syntax (<string>, line 1)"}
{"timestamp": "2025-08-04 17:59:56,729", "level": "INFO", "message": "Received gRPC request to generate logs..."}
{"timestamp": "2025-08-04 17:59:56,730", "level": "INFO", "message": "Generating logs..."}
{"timestamp": "2025-08-04 17:59:56,730", "level": "ERROR", "message": "ZeroDivisionError raised: division by zero"}
{"timestamp": "2025-08-04 17:59:56,730", "level": "INFO", "message": "Generated random number: 2, result: 5.0"}
{"timestamp": "2025-08-04 17:59:56,730", "level": "ERROR", "message": "An error occurred: invalid syntax (<string>, line 1)"}
{"timestamp": "2025-08-04 17:59:56,730", "level": "INFO", "message": "Generated random number: 2, result: 5.0"}
{"timestamp": "2025-08-04 17:59:56,730", "level": "ERROR", "message": "An error occurred: invalid syntax (<string>, line 1)"}
{"timestamp": "2025-08-04 17:59:56,730", "level": "INFO", "message": "Generated random number: 2, result: 5.0"}
{"timestamp": "2025-08-04 17:59:56,730", "level": "ERROR", "message": "Random error occurred"}
{"timestamp": "2025-08-04 17:59:56,731", "level": "INFO", "message": "Generated random number: 5, result: 2.0"}
{"timestamp": "2025-08-04 17:59:56,731", "level": "INFO", "message": "Generated random number: 3, result: 3.3333333333333335"}
{"timestamp": "2025-08-06 13:00:26,901", "level": "INFO", "message": "Received gRPC request to generate logs..."}
{"timestamp": "2025-08-06 13:00:26,903", "level": "INFO", "message": "Generating logs..."}
{"timestamp": "2025-08-06 13:00:26,904", "level": "ERROR", "message": "An error occurred: invalid syntax (<string>, line 1)"}
{"timestamp": "2025-08-06 13:00:26,904", "level": "ERROR", "message": "An error occurred: invalid syntax (<string>, line 1)"}
{"timestamp": "2025-08-06 13:00:26,904", "level": "INFO", "message": "Generated random number: 1, result: 10.0"}
{"timestamp": "2025-08-06 13:00:26,904", "level": "ERROR", "message": "An error occurred: invalid syntax (<string>, line 1)"}
{"timestamp": "2025-08-06 13:00:26,904", "level": "ERROR", "message": "An error occurred: invalid syntax (<string>, line 1)"}
{"timestamp": "2025-08-06 13:00:26,904", "level": "ERROR", "message": "Random error occurred"}
